C:\USERS\JOSH\DOCUMENTS\SCHOOL\GRAPHICS_TERM\DEBUG\ADJUSTABLE.OBJ
C:\USERS\JOSH\DOCUMENTS\SCHOOL\GRAPHICS_TERM\DEBUG\ARCBALL.OBJ
C:\USERS\JOSH\DOCUMENTS\SCHOOL\GRAPHICS_TERM\DEBUG\CAMERA.OBJ
C:\Users\Josh\Documents\School\Graphics_Term\Debug\cl.command.1.tlog
C:\Users\Josh\Documents\School\Graphics_Term\Debug\CL.read.1.tlog
C:\Users\Josh\Documents\School\Graphics_Term\Debug\CL.write.1.tlog
C:\USERS\JOSH\DOCUMENTS\SCHOOL\GRAPHICS_TERM\DEBUG\DEMOS SET 1.EXE.EMBED.MANIFEST
C:\USERS\JOSH\DOCUMENTS\SCHOOL\GRAPHICS_TERM\DEBUG\DEMOS SET 1.EXE.EMBED.MANIFEST.RES
C:\Users\Josh\Documents\School\Graphics_Term\Debug\Demos Set 1.exe.intermediate.manifest
C:\Users\Josh\Documents\School\Graphics_Term\Debug\Demos Set 1.pdb
C:\Users\Josh\Documents\School\Graphics_Term\Debug\Demos Set 1_manifest.rc
C:\USERS\JOSH\DOCUMENTS\SCHOOL\GRAPHICS_TERM\DEBUG\GL_UTILITIES.OBJ
C:\USERS\JOSH\DOCUMENTS\SCHOOL\GRAPHICS_TERM\DEBUG\LIGHTING.OBJ
C:\Users\Josh\Documents\School\Graphics_Term\Debug\link.11404.read.1.tlog
C:\Users\Josh\Documents\School\Graphics_Term\Debug\link.11404.write.1.tlog
C:\Users\Josh\Documents\School\Graphics_Term\Debug\link.11404-cvtres.read.1.tlog
C:\Users\Josh\Documents\School\Graphics_Term\Debug\link.11404-cvtres.write.1.tlog
C:\Users\Josh\Documents\School\Graphics_Term\Debug\link.6412.read.1.tlog
C:\Users\Josh\Documents\School\Graphics_Term\Debug\link.6412.write.1.tlog
C:\Users\Josh\Documents\School\Graphics_Term\Debug\link.6412-cvtres.read.1.tlog
C:\Users\Josh\Documents\School\Graphics_Term\Debug\link.6412-cvtres.write.1.tlog
C:\Users\Josh\Documents\School\Graphics_Term\Debug\link.6724.read.1.tlog
C:\Users\Josh\Documents\School\Graphics_Term\Debug\link.6724.write.1.tlog
C:\Users\Josh\Documents\School\Graphics_Term\Debug\link.6724-cvtres.read.1.tlog
C:\Users\Josh\Documents\School\Graphics_Term\Debug\link.6724-cvtres.write.1.tlog
C:\Users\Josh\Documents\School\Graphics_Term\Debug\link.command.1.tlog
C:\Users\Josh\Documents\School\Graphics_Term\Debug\link.read.1.tlog
C:\Users\Josh\Documents\School\Graphics_Term\Debug\link.write.1.tlog
C:\Users\Josh\Documents\School\Graphics_Term\Debug\link-cvtres.read.1.tlog
C:\Users\Josh\Documents\School\Graphics_Term\Debug\link-cvtres.write.1.tlog
C:\USERS\JOSH\DOCUMENTS\SCHOOL\GRAPHICS_TERM\DEBUG\LITMESHES.OBJ
C:\USERS\JOSH\DOCUMENTS\SCHOOL\GRAPHICS_TERM\DEBUG\MESHES.OBJ
C:\Users\Josh\Documents\School\Graphics_Term\Debug\mt.command.1.tlog
C:\Users\Josh\Documents\School\Graphics_Term\Debug\mt.read.1.tlog
C:\Users\Josh\Documents\School\Graphics_Term\Debug\mt.write.1.tlog
C:\USERS\JOSH\DOCUMENTS\SCHOOL\GRAPHICS_TERM\DEBUG\QUATERNION.OBJ
C:\Users\Josh\Documents\School\Graphics_Term\Debug\rc.command.1.tlog
C:\Users\Josh\Documents\School\Graphics_Term\Debug\rc.read.1.tlog
C:\Users\Josh\Documents\School\Graphics_Term\Debug\rc.write.1.tlog
C:\USERS\JOSH\DOCUMENTS\SCHOOL\GRAPHICS_TERM\DEBUG\SPACESHIP.OBJ
C:\Users\Josh\Documents\School\Graphics_Term\Debug\vc100.idb
C:\USERS\JOSH\DOCUMENTS\SCHOOL\GRAPHICS_TERM\DEBUG\VC100.PDB
